<?xml version="1.0" encoding="UTF-8"?>
<testsuite xmlns:xsi="http://www.w3.org/2001/XMLSchema-instance" xsi:noNamespaceSchemaLocation="https://maven.apache.org/surefire/maven-surefire-plugin/xsd/surefire-test-report-3.0.xsd" version="3.0" name="TestSuite" time="16.948" tests="1" errors="0" skipped="0" failures="0">
  <properties>
[...]
</properties>
  <testcase name="runScenario[&quot;Successful login with valid credentials&quot;, &quot;SpicejetLogin feature&quot;](1)" classname="runners.TestRunner" time="15.96">
    <system-out><![CDATA[🚀 Starting test suite: Run Cucumber Tests
Starting test: runScenario

Scenario: Successful login with valid credentials      # file:///D:/frameworkPracticeAfterWells/UIGramework/UIAutomation-framework/src/test/resources/features/login.feature:3
  âœ” Given I am on the login page                       # stepdefinitions.LoginSteps.i_am_on_login_page()
  âœ” When I login with "validUser" credentials          # stepdefinitions.LoginSteps.i_login_with_credentials(java.lang.String)
  âœ” Then I should see the "dashboardText" on dashboard # stepdefinitions.LoginSteps.i_should_see_the_text_on_dashboard(java.lang.String)
✅ PASSED: runScenario
]]></system-out>
    <system-err><![CDATA[SLF4J(W): No SLF4J providers were found.
SLF4J(W): Defaulting to no-operation (NOP) logger implementation
SLF4J(W): See https://www.slf4j.org/codes.html#noProviders for further details.
]]></system-err>
  </testcase>
</testsuite>